<?xml version="1.0" encoding="UTF-8"?>
<coverage generated="1664160691998" clover="3.2.0">
  <project timestamp="1664160691998" name="All files">
    <metrics statements="10" coveredstatements="8" conditionals="2" coveredconditionals="1" methods="6" coveredmethods="5" elements="18" coveredelements="14" complexity="0" loc="10" ncloc="10" packages="1" files="1" classes="1"/>
    <file name="stackClass.ts" path="/Users/jimbriar/mycode/typescript/queue_dog/src/util/stackClass.ts">
      <metrics statements="10" coveredstatements="8" conditionals="2" coveredconditionals="1" methods="6" coveredmethods="5"/>
      <line num="12" count="1" type="stmt"/>
      <line num="14" count="1" type="cond" truecount="1" falsecount="0"/>
      <line num="17" count="3" type="cond" truecount="0" falsecount="1"/>
      <line num="18" count="0" type="stmt"/>
      <line num="20" count="3" type="stmt"/>
      <line num="24" count="1" type="stmt"/>
      <line num="28" count="0" type="stmt"/>
      <line num="32" count="3" type="stmt"/>
      <line num="36" count="1" type="stmt"/>
      <line num="41" count="1" type="stmt"/>
    </file>
  </project>
</coverage>
